Build started 12/01/2015 07:29:41.
     1>Project "C:\Users\Luís\Documents\Visual Studio 2013\Projects\defesa\POO_Projecto_BETA\POO_Projecto_BETA.vcxproj" on node 2 (Build target(s)).
     1>ClCompile:
         C:\Program Files (x86)\Microsoft Visual Studio 12.0\VC\bin\CL.exe /c /ZI /nologo /W3 /WX- /sdl /Od /Oy- /D WIN32 /D _DEBUG /D _CONSOLE /D _LIB /D _CRT_SECURE_NO_WARNINGS /D _UNICODE /D UNICODE /Gm /EHsc /RTC1 /MDd /GS /fp:precise /Zc:wchar_t /Zc:forScope /Fo"Debug\\" /Fd"Debug\vc120.pdb" /Gd /TP /analyze- /errorReport:prompt Jogo.cpp
         Jogo.cpp
     1>c:\users\luís\documents\visual studio 2013\projects\defesa\poo_projecto_beta\jogo.cpp(931): warning C4018: '<' : signed/unsigned mismatch
       Link:
         C:\Program Files (x86)\Microsoft Visual Studio 12.0\VC\bin\link.exe /ERRORREPORT:PROMPT /OUT:"C:\Users\Luís\Documents\Visual Studio 2013\Projects\defesa\Debug\POO_Projecto_BETA.exe" /INCREMENTAL /NOLOGO kernel32.lib user32.lib gdi32.lib winspool.lib comdlg32.lib advapi32.lib shell32.lib ole32.lib oleaut32.lib uuid.lib odbc32.lib odbccp32.lib /MANIFEST /MANIFESTUAC:"level='asInvoker' uiAccess='false'" /manifest:embed /DEBUG /PDB:"C:\Users\Luís\Documents\Visual Studio 2013\Projects\defesa\Debug\POO_Projecto_BETA.pdb" /SUBSYSTEM:CONSOLE /TLBID:1 /DYNAMICBASE /NXCOMPAT /IMPLIB:"C:\Users\Luís\Documents\Visual Studio 2013\Projects\defesa\Debug\POO_Projecto_BETA.lib" /MACHINE:X86 Debug\AI.obj
         Debug\Consola.obj
         Debug\Edificio.obj
         Debug\Jogo.obj
         Debug\Main.obj
         Debug\Populacao.obj
         Debug\Recurso.obj
         Debug\Terreno.obj
         Debug\Unidade.obj
         POO_Projecto_BETA.vcxproj -> C:\Users\Luís\Documents\Visual Studio 2013\Projects\defesa\Debug\POO_Projecto_BETA.exe
     1>Done Building Project "C:\Users\Luís\Documents\Visual Studio 2013\Projects\defesa\POO_Projecto_BETA\POO_Projecto_BETA.vcxproj" (Build target(s)).

Build succeeded.

Time Elapsed 00:00:07.77
